# JRE version: OpenJDK Runtime Environment AdoptOpenJDK-11.0.11+9 (11.0.11+9) (build 11.0.11+9)
# Java VM: OpenJDK 64-Bit Server VM AdoptOpenJDK-11.0.11+9 (11.0.11+9, mixed mode, tiered, compressed oops, g1 gc, windows-amd64)
Heap:
 garbage-first heap   total 131072K, used 65076K [0x0000000081400000, 0x0000000100000000)
  region size 1024K, 55 young (56320K), 9 survivors (9216K)
 Metaspace       used 21602K, capacity 21967K, committed 22144K, reserved 1069056K
  class space    used 2209K, capacity 2321K, committed 2432K, reserved 1048576K
GC Heap History (10 events):
Event: 1.909 GC heap before
{Heap before GC invocations=0 (full 0):
 garbage-first heap   total 131072K, used 14336K [0x0000000081400000, 0x0000000100000000)
  region size 1024K, 14 young (14336K), 0 survivors (0K)
 Metaspace       used 10856K, capacity 11017K, committed 11136K, reserved 1058816K
  class space    used 1036K, capacity 1120K, committed 1152K, reserved 1048576K
}
Event: 1.916 GC heap after
{Heap after GC invocations=1 (full 0):
 garbage-first heap   total 131072K, used 3176K [0x0000000081400000, 0x0000000100000000)
  region size 1024K, 2 young (2048K), 2 survivors (2048K)
 Metaspace       used 10856K, capacity 11017K, committed 11136K, reserved 1058816K
  class space    used 1036K, capacity 1120K, committed 1152K, reserved 1048576K
}
Event: 2.681 GC heap before
{Heap before GC invocations=1 (full 0):
 garbage-first heap   total 131072K, used 12392K [0x0000000081400000, 0x0000000100000000)
  region size 1024K, 11 young (11264K), 2 survivors (2048K)
 Metaspace       used 12451K, capacity 12661K, committed 12928K, reserved 1060864K
  class space    used 1250K, capacity 1348K, committed 1408K, reserved 1048576K
}
Event: 2.686 GC heap after
{Heap after GC invocations=2 (full 0):
 garbage-first heap   total 131072K, used 3881K [0x0000000081400000, 0x0000000100000000)
  region size 1024K, 1 young (1024K), 1 survivors (1024K)
 Metaspace       used 12451K, capacity 12661K, committed 12928K, reserved 1060864K
  class space    used 1250K, capacity 1348K, committed 1408K, reserved 1048576K
}
Event: 3.942 GC heap before
{Heap before GC invocations=2 (full 0):
 garbage-first heap   total 131072K, used 31529K [0x0000000081400000, 0x0000000100000000)
  region size 1024K, 28 young (28672K), 1 survivors (1024K)
 Metaspace       used 15883K, capacity 16098K, committed 16256K, reserved 1062912K
  class space    used 1673K, capacity 1809K, committed 1920K, reserved 1048576K
}
Event: 3.946 GC heap after
{Heap after GC invocations=3 (full 0):
 garbage-first heap   total 131072K, used 4851K [0x0000000081400000, 0x0000000100000000)
  region size 1024K, 2 young (2048K), 2 survivors (2048K)
 Metaspace       used 15883K, capacity 16098K, committed 16256K, reserved 1062912K
  class space    used 1673K, capacity 1809K, committed 1920K, reserved 1048576K
}
Event: 7.237 GC heap before
{Heap before GC invocations=3 (full 0):
 garbage-first heap   total 131072K, used 50931K [0x0000000081400000, 0x0000000100000000)
  region size 1024K, 48 young (49152K), 2 survivors (2048K)
 Metaspace       used 20623K, capacity 21006K, committed 21248K, reserved 1069056K
  class space    used 2172K, capacity 2279K, committed 2304K, reserved 1048576K
}
Event: 7.283 GC heap after
{Heap after GC invocations=4 (full 0):
 garbage-first heap   total 131072K, used 9853K [0x0000000081400000, 0x0000000100000000)
  region size 1024K, 7 young (7168K), 7 survivors (7168K)
 Metaspace       used 20623K, capacity 21006K, committed 21248K, reserved 1069056K
  class space    used 2172K, capacity 2279K, committed 2304K, reserved 1048576K
}
Event: 9.170 GC heap before
{Heap before GC invocations=5 (full 0):
 garbage-first heap   total 131072K, used 71293K [0x0000000081400000, 0x0000000100000000)
  region size 1024K, 67 young (68608K), 7 survivors (7168K)
 Metaspace       used 21155K, capacity 21513K, committed 21632K, reserved 1069056K
  class space    used 2192K, capacity 2319K, committed 2432K, reserved 1048576K
}
Event: 9.220 GC heap after
{Heap after GC invocations=6 (full 0):
 garbage-first heap   total 131072K, used 18996K [0x0000000081400000, 0x0000000100000000)
  region size 1024K, 9 young (9216K), 9 survivors (9216K)
 Metaspace       used 21155K, capacity 21513K, committed 21632K, reserved 1069056K
  class space    used 2192K, capacity 2319K, committed 2432K, reserved 1048576K
}

