# JRE version: OpenJDK Runtime Environment AdoptOpenJDK-11.0.11+9 (11.0.11+9) (build 11.0.11+9)
# Java VM: OpenJDK 64-Bit Server VM AdoptOpenJDK-11.0.11+9 (11.0.11+9, mixed mode, tiered, compressed oops, g1 gc, windows-amd64)
Heap:
 garbage-first heap   total 160768K, used 106670K [0x0000000081400000, 0x0000000100000000)
  region size 1024K, 39 young (39936K), 3 survivors (3072K)
 Metaspace       used 79785K, capacity 81628K, committed 81664K, reserved 1120256K
  class space    used 9475K, capacity 10224K, committed 10240K, reserved 1048576K
GC Heap History (20 events):
Event: 29.754 GC heap before
{Heap before GC invocations=15 (full 0):
 garbage-first heap   total 160768K, used 56998K [0x0000000081400000, 0x0000000100000000)
  region size 1024K, 7 young (7168K), 5 survivors (5120K)
 Metaspace       used 52616K, capacity 53839K, committed 54016K, reserved 1097728K
  class space    used 6051K, capacity 6556K, committed 6656K, reserved 1048576K
}
Event: 29.762 GC heap after
{Heap after GC invocations=16 (full 0):
 garbage-first heap   total 160768K, used 50526K [0x0000000081400000, 0x0000000100000000)
  region size 1024K, 1 young (1024K), 1 survivors (1024K)
 Metaspace       used 52616K, capacity 53839K, committed 54016K, reserved 1097728K
  class space    used 6051K, capacity 6556K, committed 6656K, reserved 1048576K
}
Event: 38.550 GC heap before
{Heap before GC invocations=16 (full 0):
 garbage-first heap   total 160768K, used 115038K [0x0000000081400000, 0x0000000100000000)
  region size 1024K, 65 young (66560K), 1 survivors (1024K)
 Metaspace       used 55660K, capacity 56983K, committed 57216K, reserved 1099776K
  class space    used 6428K, capacity 6960K, committed 7040K, reserved 1048576K
}
Event: 38.556 GC heap after
{Heap after GC invocations=17 (full 0):
 garbage-first heap   total 160768K, used 51741K [0x0000000081400000, 0x0000000100000000)
  region size 1024K, 2 young (2048K), 2 survivors (2048K)
 Metaspace       used 55660K, capacity 56983K, committed 57216K, reserved 1099776K
  class space    used 6428K, capacity 6960K, committed 7040K, reserved 1048576K
}
Event: 40.161 GC heap before
{Heap before GC invocations=17 (full 0):
 garbage-first heap   total 160768K, used 119325K [0x0000000081400000, 0x0000000100000000)
  region size 1024K, 68 young (69632K), 2 survivors (2048K)
 Metaspace       used 57366K, capacity 58727K, committed 59008K, reserved 1101824K
  class space    used 6616K, capacity 7188K, committed 7296K, reserved 1048576K
}
Event: 40.171 GC heap after
{Heap after GC invocations=18 (full 0):
 garbage-first heap   total 160768K, used 55290K [0x0000000081400000, 0x0000000100000000)
  region size 1024K, 6 young (6144K), 6 survivors (6144K)
 Metaspace       used 57366K, capacity 58727K, committed 59008K, reserved 1101824K
  class space    used 6616K, capacity 7188K, committed 7296K, reserved 1048576K
}
Event: 42.492 GC heap before
{Heap before GC invocations=18 (full 0):
 garbage-first heap   total 160768K, used 121850K [0x0000000081400000, 0x0000000100000000)
  region size 1024K, 71 young (72704K), 6 survivors (6144K)
 Metaspace       used 61751K, capacity 63213K, committed 63360K, reserved 1103872K
  class space    used 7344K, capacity 7948K, committed 8064K, reserved 1048576K
}
Event: 42.504 GC heap after
{Heap after GC invocations=19 (full 0):
 garbage-first heap   total 160768K, used 57831K [0x0000000081400000, 0x0000000100000000)
  region size 1024K, 7 young (7168K), 7 survivors (7168K)
 Metaspace       used 61751K, capacity 63213K, committed 63360K, reserved 1103872K
  class space    used 7344K, capacity 7948K, committed 8064K, reserved 1048576K
}
Event: 46.197 GC heap before
{Heap before GC invocations=19 (full 0):
 garbage-first heap   total 160768K, used 124391K [0x0000000081400000, 0x0000000100000000)
  region size 1024K, 72 young (73728K), 7 survivors (7168K)
 Metaspace       used 66546K, capacity 68068K, committed 68224K, reserved 1110016K
  class space    used 7944K, capacity 8550K, committed 8576K, reserved 1048576K
}
Event: 46.213 GC heap after
{Heap after GC invocations=20 (full 0):
 garbage-first heap   total 160768K, used 61706K [0x0000000081400000, 0x0000000100000000)
  region size 1024K, 7 young (7168K), 7 survivors (7168K)
 Metaspace       used 66546K, capacity 68068K, committed 68224K, reserved 1110016K
  class space    used 7944K, capacity 8550K, committed 8576K, reserved 1048576K
}
Event: 54.505 GC heap before
{Heap before GC invocations=20 (full 0):
 garbage-first heap   total 160768K, used 127242K [0x0000000081400000, 0x0000000100000000)
  region size 1024K, 71 young (72704K), 7 survivors (7168K)
 Metaspace       used 70876K, capacity 72548K, committed 72704K, reserved 1112064K
  class space    used 8436K, capacity 9102K, committed 9216K, reserved 1048576K
}
Event: 54.522 GC heap after
{Heap after GC invocations=21 (full 0):
 garbage-first heap   total 160768K, used 65880K [0x0000000081400000, 0x0000000100000000)
  region size 1024K, 8 young (8192K), 8 survivors (8192K)
 Metaspace       used 70876K, capacity 72548K, committed 72704K, reserved 1112064K
  class space    used 8436K, capacity 9102K, committed 9216K, reserved 1048576K
}
Event: 55.999 GC heap before
{Heap before GC invocations=21 (full 0):
 garbage-first heap   total 160768K, used 98648K [0x0000000081400000, 0x0000000100000000)
  region size 1024K, 41 young (41984K), 8 survivors (8192K)
 Metaspace       used 71802K, capacity 73485K, committed 73600K, reserved 1114112K
  class space    used 8561K, capacity 9229K, committed 9344K, reserved 1048576K
}
Event: 56.024 GC heap after
{Heap after GC invocations=22 (full 0):
 garbage-first heap   total 160768K, used 67331K [0x0000000081400000, 0x0000000100000000)
  region size 1024K, 6 young (6144K), 6 survivors (6144K)
 Metaspace       used 71802K, capacity 73485K, committed 73600K, reserved 1114112K
  class space    used 8561K, capacity 9229K, committed 9344K, reserved 1048576K
}
Event: 58.492 GC heap before
{Heap before GC invocations=23 (full 0):
 garbage-first heap   total 160768K, used 125699K [0x0000000081400000, 0x0000000100000000)
  region size 1024K, 63 young (64512K), 6 survivors (6144K)
 Metaspace       used 73387K, capacity 75172K, committed 75392K, reserved 1116160K
  class space    used 8781K, capacity 9483K, committed 9600K, reserved 1048576K
}
Event: 58.507 GC heap after
{Heap after GC invocations=24 (full 0):
 garbage-first heap   total 160768K, used 70367K [0x0000000081400000, 0x0000000100000000)
  region size 1024K, 5 young (5120K), 5 survivors (5120K)
 Metaspace       used 73387K, capacity 75172K, committed 75392K, reserved 1116160K
  class space    used 8781K, capacity 9483K, committed 9600K, reserved 1048576K
}
Event: 58.588 GC heap before
{Heap before GC invocations=24 (full 0):
 garbage-first heap   total 160768K, used 72415K [0x0000000081400000, 0x0000000100000000)
  region size 1024K, 7 young (7168K), 5 survivors (5120K)
 Metaspace       used 73421K, capacity 75175K, committed 75392K, reserved 1116160K
  class space    used 8782K, capacity 9483K, committed 9600K, reserved 1048576K
}
Event: 58.601 GC heap after
{Heap after GC invocations=25 (full 0):
 garbage-first heap   total 160768K, used 69596K [0x0000000081400000, 0x0000000100000000)
  region size 1024K, 1 young (1024K), 1 survivors (1024K)
 Metaspace       used 73421K, capacity 75175K, committed 75392K, reserved 1116160K
  class space    used 8782K, capacity 9483K, committed 9600K, reserved 1048576K
}
Event: 60.763 GC heap before
{Heap before GC invocations=25 (full 0):
 garbage-first heap   total 160768K, used 127964K [0x0000000081400000, 0x0000000100000000)
  region size 1024K, 58 young (59392K), 1 survivors (1024K)
 Metaspace       used 74942K, capacity 76715K, committed 76800K, reserved 1116160K
  class space    used 8979K, capacity 9697K, committed 9728K, reserved 1048576K
}
Event: 60.773 GC heap after
{Heap after GC invocations=26 (full 0):
 garbage-first heap   total 160768K, used 71854K [0x0000000081400000, 0x0000000100000000)
  region size 1024K, 3 young (3072K), 3 survivors (3072K)
 Metaspace       used 74942K, capacity 76715K, committed 76800K, reserved 1116160K
  class space    used 8979K, capacity 9697K, committed 9728K, reserved 1048576K
}

